[W 17:28:42.416 NotebookApp] WARNING: The notebook server is listening on all IP addresses and not using encryption. This is not recommended.
[I 17:28:42.424 NotebookApp] Serving notebooks from local directory: /mnt/c/ITwork/py/pandas_study
[I 17:28:42.424 NotebookApp] Jupyter Notebook 6.5.2 is running at:
[I 17:28:42.425 NotebookApp] http://DESKTOP-1A5JNJP:8888/?token=23fa7536c609f36f7a6b3be337313e5b6e46744598000468
[I 17:28:42.425 NotebookApp]  or http://127.0.0.1:8888/?token=23fa7536c609f36f7a6b3be337313e5b6e46744598000468
[I 17:28:42.426 NotebookApp] Use Control-C to stop this server and shut down all kernels (twice to skip confirmation).
[C 17:28:42.429 NotebookApp] 
    
    To access the notebook, open this file in a browser:
        file:///home/romantic/.local/share/jupyter/runtime/nbserver-1502-open.html
    Or copy and paste one of these URLs:
        http://DESKTOP-1A5JNJP:8888/?token=23fa7536c609f36f7a6b3be337313e5b6e46744598000468
     or http://127.0.0.1:8888/?token=23fa7536c609f36f7a6b3be337313e5b6e46744598000468
[I 17:28:52.172 NotebookApp] 302 GET /?token=23fa7536c609f36f7a6b3be337313e5b6e46744598000468 (127.0.0.1) 0.950000ms
[W 17:29:08.673 NotebookApp] Notebook pandas_cosis1.ipynb is not trusted
[I 17:29:09.199 NotebookApp] Kernel started: b887bf7a-b18f-4dd5-a17a-b20f3348fd7e, name: python3
[I 17:31:09.261 NotebookApp] Saving file at /pandas_cosis1.ipynb
[W 17:31:09.265 NotebookApp] Notebook pandas_cosis1.ipynb is not trusted
[I 17:33:09.261 NotebookApp] Saving file at /pandas_cosis1.ipynb
[W 17:33:09.265 NotebookApp] Notebook pandas_cosis1.ipynb is not trusted
[I 17:35:09.262 NotebookApp] Saving file at /pandas_cosis1.ipynb
[W 17:35:09.265 NotebookApp] Notebook pandas_cosis1.ipynb is not trusted
[I 17:37:09.206 NotebookApp] Saving file at /pandas_cosis1.ipynb
[W 17:37:09.209 NotebookApp] Notebook pandas_cosis1.ipynb is not trusted
[I 17:39:09.242 NotebookApp] Saving file at /pandas_cosis1.ipynb
[W 17:39:09.245 NotebookApp] Notebook pandas_cosis1.ipynb is not trusted
[I 17:41:09.241 NotebookApp] Saving file at /pandas_cosis1.ipynb
[W 17:41:09.243 NotebookApp] Notebook pandas_cosis1.ipynb is not trusted
[I 17:43:09.212 NotebookApp] Saving file at /pandas_cosis1.ipynb
[W 17:43:09.215 NotebookApp] Notebook pandas_cosis1.ipynb is not trusted
[I 17:45:09.191 NotebookApp] Saving file at /pandas_cosis1.ipynb
[W 17:45:09.194 NotebookApp] Notebook pandas_cosis1.ipynb is not trusted
[I 17:47:09.262 NotebookApp] Saving file at /pandas_cosis1.ipynb
[W 17:47:09.264 NotebookApp] Notebook pandas_cosis1.ipynb is not trusted
[I 17:49:09.197 NotebookApp] Saving file at /pandas_cosis1.ipynb
[W 17:49:09.200 NotebookApp] Notebook pandas_cosis1.ipynb is not trusted
[I 17:51:09.263 NotebookApp] Saving file at /pandas_cosis1.ipynb
[W 17:51:09.265 NotebookApp] Notebook pandas_cosis1.ipynb is not trusted
[I 17:53:09.251 NotebookApp] Saving file at /pandas_cosis1.ipynb
[W 17:53:09.254 NotebookApp] Notebook pandas_cosis1.ipynb is not trusted
[I 17:55:09.241 NotebookApp] Saving file at /pandas_cosis1.ipynb
[W 17:55:09.244 NotebookApp] Notebook pandas_cosis1.ipynb is not trusted
[I 17:57:09.194 NotebookApp] Saving file at /pandas_cosis1.ipynb
[W 17:57:09.196 NotebookApp] Notebook pandas_cosis1.ipynb is not trusted
[I 17:59:09.262 NotebookApp] Saving file at /pandas_cosis1.ipynb
[W 17:59:09.264 NotebookApp] Notebook pandas_cosis1.ipynb is not trusted
[I 18:01:09.200 NotebookApp] Saving file at /pandas_cosis1.ipynb
[W 18:01:09.202 NotebookApp] Notebook pandas_cosis1.ipynb is not trusted
[I 18:03:00.602 NotebookApp] Saving file at /pandas_cosis1.ipynb
[I 18:04:20.594 NotebookApp] Starting buffering for b887bf7a-b18f-4dd5-a17a-b20f3348fd7e:9735b98efb2642b580b8dee9f9da07c9
[C 18:04:40.892 NotebookApp] received signal 15, stopping
[I 18:04:40.893 NotebookApp] Shutting down 1 kernel
[I 18:04:40.894 NotebookApp] Kernel shutdown: b887bf7a-b18f-4dd5-a17a-b20f3348fd7e
[I 18:04:41.813 NotebookApp] Shutting down 0 terminals
[W 14:28:16.015 NotebookApp] WARNING: The notebook server is listening on all IP addresses and not using encryption. This is not recommended.
[I 14:28:16.021 NotebookApp] Serving notebooks from local directory: /mnt/c/ITwork/py/pandas_study
[I 14:28:16.021 NotebookApp] Jupyter Notebook 6.5.2 is running at:
[I 14:28:16.022 NotebookApp] http://DESKTOP-1A5JNJP:8888/?token=636c779a88fee8d1b6d57f708e8e8c9283a9de5c3929bc0b
[I 14:28:16.023 NotebookApp]  or http://127.0.0.1:8888/?token=636c779a88fee8d1b6d57f708e8e8c9283a9de5c3929bc0b
[I 14:28:16.023 NotebookApp] Use Control-C to stop this server and shut down all kernels (twice to skip confirmation).
[C 14:28:16.026 NotebookApp] 
    
    To access the notebook, open this file in a browser:
        file:///home/romantic/.local/share/jupyter/runtime/nbserver-1632-open.html
    Or copy and paste one of these URLs:
        http://DESKTOP-1A5JNJP:8888/?token=636c779a88fee8d1b6d57f708e8e8c9283a9de5c3929bc0b
     or http://127.0.0.1:8888/?token=636c779a88fee8d1b6d57f708e8e8c9283a9de5c3929bc0b
[I 14:28:27.869 NotebookApp] 302 GET /?token=636c779a88fee8d1b6d57f708e8e8c9283a9de5c3929bc0b (127.0.0.1) 0.770000ms
[I 14:28:52.761 NotebookApp] Creating new notebook in 
[I 14:28:53.878 NotebookApp] Kernel started: 38cb7ff5-6d5d-4de5-9e03-b2b22dbcf06b, name: python3
[I 14:30:53.926 NotebookApp] Saving file at /Untitled.ipynb
/usr/local/lib/python3.10/dist-packages/nbformat/__init__.py:129: MissingIDFieldWarning: Code cell is missing an id field, this will become a hard error in future nbformat versions. You may want to use `normalize()` on your notebooks before validations (available since nbformat 5.1.4). Previous versions of nbformat are fixing this issue transparently, and will stop doing so in the future.
  validate(nb)
/usr/local/lib/python3.10/dist-packages/notebook/services/contents/manager.py:353: MissingIDFieldWarning: Code cell is missing an id field, this will become a hard error in future nbformat versions. You may want to use `normalize()` on your notebooks before validations (available since nbformat 5.1.4). Previous versions of nbformat are fixing this issue transparently, and will stop doing so in the future.
  validate_nb(model['content'])
[I 14:32:53.925 NotebookApp] Saving file at /Untitled.ipynb
[I 14:34:53.915 NotebookApp] Saving file at /Untitled.ipynb
[I 14:36:53.905 NotebookApp] Saving file at /Untitled.ipynb
[I 14:38:53.915 NotebookApp] Saving file at /Untitled.ipynb
[I 14:40:53.935 NotebookApp] Saving file at /Untitled.ipynb
[I 14:42:09.785 NotebookApp] Saving file at /Untitled.ipynb
[I 14:42:53.916 NotebookApp] Saving file at /Untitled.ipynb
[I 14:44:53.926 NotebookApp] Saving file at /Untitled.ipynb
[I 14:46:53.905 NotebookApp] Saving file at /Untitled.ipynb
[I 14:48:53.915 NotebookApp] Saving file at /Untitled.ipynb
[I 14:50:53.915 NotebookApp] Saving file at /Untitled.ipynb
[I 14:52:53.905 NotebookApp] Saving file at /Untitled.ipynb
[I 14:54:53.916 NotebookApp] Saving file at /Untitled.ipynb
[W 14:55:57.632 NotebookApp] 404 GET /api/contents/pandas_timseries.ipynb?type=notebook&content=0&_=1675402133610 (127.0.0.1): file or directory does not exist: 'pandas_timseries.ipynb'
[W 14:55:57.632 NotebookApp] file or directory does not exist: 'pandas_timseries.ipynb'
[W 14:55:57.633 NotebookApp] 404 GET /api/contents/pandas_timseries.ipynb?type=notebook&content=0&_=1675402133610 (127.0.0.1) 3.170000ms referer=http://127.0.0.1:8888/notebooks/Untitled.ipynb?kernel_name=python3
[I 14:55:57.685 NotebookApp] Uploading file to /pandas_timseries.ipynb
[I 14:56:53.926 NotebookApp] Saving file at /pandas_timseries.ipynb
[I 15:00:53.916 NotebookApp] Saving file at /pandas_timseries.ipynb
[I 15:02:53.926 NotebookApp] Saving file at /pandas_timseries.ipynb
[I 15:03:46.327 NotebookApp] Saving file at /pandas_timseries.ipynb
[I 15:04:53.915 NotebookApp] Saving file at /pandas_timseries.ipynb
[I 15:06:53.906 NotebookApp] Saving file at /pandas_timseries.ipynb
[I 15:08:53.926 NotebookApp] Saving file at /pandas_timseries.ipynb
[I 15:10:53.905 NotebookApp] Saving file at /pandas_timseries.ipynb
[I 15:14:53.915 NotebookApp] Saving file at /pandas_timseries.ipynb
[I 15:16:53.906 NotebookApp] Saving file at /pandas_timseries.ipynb
[I 15:18:53.915 NotebookApp] Saving file at /pandas_timseries.ipynb
[I 15:20:53.872 NotebookApp] Saving file at /pandas_timseries.ipynb
[I 15:22:53.870 NotebookApp] Saving file at /pandas_timseries.ipynb
[I 15:24:53.879 NotebookApp] Saving file at /pandas_timseries.ipynb
[I 15:26:53.915 NotebookApp] Saving file at /pandas_timseries.ipynb
[I 15:28:53.906 NotebookApp] Saving file at /pandas_timseries.ipynb
[I 15:30:53.925 NotebookApp] Saving file at /pandas_timseries.ipynb
[I 15:32:53.873 NotebookApp] Saving file at /pandas_timseries.ipynb
[I 15:34:53.916 NotebookApp] Saving file at /pandas_timseries.ipynb
[I 15:36:53.916 NotebookApp] Saving file at /pandas_timseries.ipynb
[I 15:38:53.906 NotebookApp] Saving file at /pandas_timseries.ipynb
[I 15:40:44.521 NotebookApp] Saving file at /pandas_timseries.ipynb
[I 15:43:44.739 NotebookApp] Saving file at /pandas_timseries.ipynb
[W 15:46:32.556 NotebookApp] delete /Untitled.ipynb
[I 15:46:42.813 NotebookApp] Starting buffering for 38cb7ff5-6d5d-4de5-9e03-b2b22dbcf06b:ba4347fff5d3426a996b0ae374ed9106
[C 15:49:03.635 NotebookApp] received signal 15, stopping
[I 15:49:03.636 NotebookApp] Shutting down 1 kernel
[I 15:49:03.636 NotebookApp] Kernel shutdown: 38cb7ff5-6d5d-4de5-9e03-b2b22dbcf06b
[I 15:49:04.454 NotebookApp] Shutting down 0 terminals
